<?xml version="1.0" encoding="UTF-8"?>
<testng-results ignored="0" total="1" passed="1" failed="0" skipped="0">
  <reporter-output>
  </reporter-output>
  <suite started-at="2024-06-17T23:22:32 IST" name="Default suite" finished-at="2024-06-17T23:23:27 IST" duration-ms="54924">
    <groups>
    </groups>
    <test started-at="2024-06-17T23:22:32 IST" name="Default test" finished-at="2024-06-17T23:23:27 IST" duration-ms="54924">
      <class name="ApplyJob">
        <test-method is-config="true" signature="login()[pri:0, instance:ApplyJob@69c79f09]" started-at="2024-06-17T23:22:32 IST" name="login" finished-at="2024-06-17T23:22:42 IST" duration-ms="10158" status="PASS">
          <reporter-output>
          </reporter-output>
        </test-method> <!-- login -->
        <test-method signature="udateResume()[pri:1, instance:ApplyJob@69c79f09]" started-at="2024-06-17T23:22:42 IST" name="udateResume" finished-at="2024-06-17T23:23:26 IST" duration-ms="43672" status="PASS">
          <reporter-output>
          </reporter-output>
        </test-method> <!-- udateResume -->
        <test-method is-config="true" signature="logout()[pri:0, instance:ApplyJob@69c79f09]" started-at="2024-06-17T23:23:26 IST" name="logout" finished-at="2024-06-17T23:23:27 IST" duration-ms="968" status="PASS">
          <reporter-output>
          </reporter-output>
        </test-method> <!-- logout -->
      </class> <!-- ApplyJob -->
    </test> <!-- Default test -->
  </suite> <!-- Default suite -->
</testng-results>
