<?xml version="1.0" encoding="UTF-8"?>
<!-- Generated by org.testng.reporters.JUnitXMLReporter -->
<testsuite ignored="0" hostname="DESKTOP-DCLC66P" failures="0" tests="5" name="Test" time="79.651" errors="0" timestamp="2024-07-20T22:41:39 IST">
  <testcase classname="TestCases.ApplyJob" name="login" time="6.434"/>
  <testcase classname="TestCases.ApplyJob" name="udateResume" time="44.351"/>
  <testcase classname="TestCases.ApplyJob" name="updateSummery" time="3.681"/>
  <testcase classname="TestCases.ApplyJob" name="updateSkills" time="2.135"/>
  <testcase classname="TestCases.ApplyJob" name="logout" time="0.454"/>
</testsuite> <!-- Test -->
