<?xml version="1.0" encoding="UTF-8"?>
<!-- Generated by org.testng.reporters.JUnitXMLReporter -->
<testsuite ignored="1" hostname="DESKTOP-DCLC66P" failures="0" tests="4" name="Test2" time="23.777" errors="0" timestamp="2024-06-29T12:53:30 IST">
  <testcase classname="TestCases.ApplyJob" name="login" time="5.109"/>
  <testcase classname="TestCases.ApplyJob" name="updateSummery" time="6.418"/>
  <testcase classname="TestCases.ApplyJob" name="updateSkills" time="2.517"/>
  <testcase classname="TestCases.ApplyJob" name="logout" time="0.436"/>
  <testcase classname="TestCases.ApplyJob" name="udateResume" time="0.0">
    <ignored/>
  </testcase> <!-- udateResume -->
</testsuite> <!-- Test2 -->
