<?xml version="1.0" encoding="UTF-8"?>
<!-- Generated by org.testng.reporters.JUnitXMLReporter -->
<testsuite ignored="1" hostname="DESKTOP-DCLC66P" failures="0" tests="4" name="Test2" time="45.208" errors="0" timestamp="2024-06-23T17:13:16 IST">
  <testcase classname="TestCases.ApplyJob" name="login" time="16.138"/>
  <testcase classname="TestCases.ApplyJob" name="updateSummery" time="8.26"/>
  <testcase classname="TestCases.ApplyJob" name="updateSkills" time="4.029"/>
  <testcase classname="TestCases.ApplyJob" name="logout" time="0.526"/>
  <testcase classname="TestCases.ApplyJob" name="udateResume" time="0.0">
    <ignored/>
  </testcase> <!-- udateResume -->
</testsuite> <!-- Test2 -->
