<?xml version="1.0" encoding="UTF-8"?>
<!-- Generated by org.testng.reporters.JUnitXMLReporter -->
<testsuite ignored="1" hostname="DESKTOP-DCLC66P" failures="0" tests="4" name="Test" time="62.446" errors="0" timestamp="2024-06-26T00:14:08 IST">
  <testcase classname="TestCases.ApplyJob" name="login" time="8.78"/>
  <testcase classname="TestCases.ApplyJob" name="updateSummery" time="7.182"/>
  <testcase classname="TestCases.ApplyJob" name="updateSkills" time="2.517"/>
  <testcase classname="TestCases.ApplyJob" name="logout" time="0.482"/>
  <testcase classname="TestCases.ApplyJob" name="udateResume" time="0.0">
    <ignored/>
  </testcase> <!-- udateResume -->
</testsuite> <!-- Test -->
